# JRE version: OpenJDK Runtime Environment (8.0_222-b10) (build 1.8.0_222-8u222-b10-1ubuntu1~18.04.1-b10)
# Java VM: OpenJDK 64-Bit Server VM (25.222-b10 mixed mode linux-amd64 compressed oops)
Heap:
 PSYoungGen      total 814592K, used 5120K [0x000000076d200000, 0x00000007a0000000, 0x00000007c0000000)
  eden space 809472K, 0% used [0x000000076d200000,0x000000076d200000,0x000000079e880000)
  from space 5120K, 100% used [0x000000079f600000,0x000000079fb00000,0x000000079fb00000)
  to   space 4608K, 0% used [0x000000079fb80000,0x000000079fb80000,0x00000007a0000000)
 ParOldGen       total 75264K, used 10749K [0x00000006c7600000, 0x00000006cbf80000, 0x000000076d200000)
  object space 75264K, 14% used [0x00000006c7600000,0x00000006c807f578,0x00000006cbf80000)
 Metaspace       used 34767K, capacity 35754K, committed 36044K, reserved 1081344K
  class space    used 4322K, capacity 4537K, committed 4556K, reserved 1048576K
GC Heap History (10 events):
Event: 30.066 GC heap after
Heap after GC invocations=7 (full 0):
 PSYoungGen      total 262144K, used 2544K [0x000000076d200000, 0x000000078d200000, 0x00000007c0000000)
  eden space 257536K, 0% used [0x000000076d200000,0x000000076d200000,0x000000077cd80000)
  from space 4608K, 55% used [0x000000077cd80000,0x000000077cffc010,0x000000077d200000)
  to   space 4608K, 0% used [0x000000078cd80000,0x000000078cd80000,0x000000078d200000)
 ParOldGen       total 171008K, used 2565K [0x00000006c7600000, 0x00000006d1d00000, 0x000000076d200000)
  object space 171008K, 1% used [0x00000006c7600000,0x00000006c7881450,0x00000006d1d00000)
 Metaspace       used 17159K, capacity 17682K, committed 17920K, reserved 1064960K
  class space    used 2093K, capacity 2249K, committed 2304K, reserved 1048576K
}
Event: 32.715 GC heap before
{Heap before GC invocations=8 (full 0):
 PSYoungGen      total 262144K, used 117592K [0x000000076d200000, 0x000000078d200000, 0x00000007c0000000)
  eden space 257536K, 44% used [0x000000076d200000,0x000000077425a3d8,0x000000077cd80000)
  from space 4608K, 55% used [0x000000077cd80000,0x000000077cffc010,0x000000077d200000)
  to   space 4608K, 0% used [0x000000078cd80000,0x000000078cd80000,0x000000078d200000)
 ParOldGen       total 171008K, used 2565K [0x00000006c7600000, 0x00000006d1d00000, 0x000000076d200000)
  object space 171008K, 1% used [0x00000006c7600000,0x00000006c7881450,0x00000006d1d00000)
 Metaspace       used 20696K, capacity 21262K, committed 21552K, reserved 1069056K
  class space    used 2508K, capacity 2661K, committed 2688K, reserved 1048576K
Event: 32.718 GC heap after
Heap after GC invocations=8 (full 0):
 PSYoungGen      total 519680K, used 2622K [0x000000076d200000, 0x000000078d200000, 0x00000007c0000000)
  eden space 515072K, 0% used [0x000000076d200000,0x000000076d200000,0x000000078c900000)
  from space 4608K, 56% used [0x000000078cd80000,0x000000078d00f8c8,0x000000078d200000)
  to   space 4608K, 0% used [0x000000078c900000,0x000000078c900000,0x000000078cd80000)
 ParOldGen       total 171008K, used 3061K [0x00000006c7600000, 0x00000006d1d00000, 0x000000076d200000)
  object space 171008K, 1% used [0x00000006c7600000,0x00000006c78fd450,0x00000006d1d00000)
 Metaspace       used 20696K, capacity 21262K, committed 21552K, reserved 1069056K
  class space    used 2508K, capacity 2661K, committed 2688K, reserved 1048576K
}
Event: 33.485 GC heap before
{Heap before GC invocations=9 (full 0):
 PSYoungGen      total 519680K, used 24029K [0x000000076d200000, 0x000000078d200000, 0x00000007c0000000)
  eden space 515072K, 4% used [0x000000076d200000,0x000000076e6e7d50,0x000000078c900000)
  from space 4608K, 56% used [0x000000078cd80000,0x000000078d00f8c8,0x000000078d200000)
  to   space 4608K, 0% used [0x000000078c900000,0x000000078c900000,0x000000078cd80000)
 ParOldGen       total 171008K, used 3061K [0x00000006c7600000, 0x00000006d1d00000, 0x000000076d200000)
  object space 171008K, 1% used [0x00000006c7600000,0x00000006c78fd450,0x00000006d1d00000)
 Metaspace       used 20981K, capacity 21486K, committed 21628K, reserved 1069056K
  class space    used 2562K, capacity 2693K, committed 2764K, reserved 1048576K
Event: 33.501 GC heap after
Heap after GC invocations=9 (full 0):
 PSYoungGen      total 519680K, used 1716K [0x000000076d200000, 0x00000007a0000000, 0x00000007c0000000)
  eden space 515072K, 0% used [0x000000076d200000,0x000000076d200000,0x000000078c900000)
  from space 4608K, 37% used [0x000000078c900000,0x000000078caad1f8,0x000000078cd80000)
  to   space 4608K, 0% used [0x000000079fb80000,0x000000079fb80000,0x00000007a0000000)
 ParOldGen       total 171008K, used 3778K [0x00000006c7600000, 0x00000006d1d00000, 0x000000076d200000)
  object space 171008K, 2% used [0x00000006c7600000,0x00000006c79b0990,0x00000006d1d00000)
 Metaspace       used 20981K, capacity 21486K, committed 21628K, reserved 1069056K
  class space    used 2562K, capacity 2693K, committed 2764K, reserved 1048576K
}
Event: 33.501 GC heap before
{Heap before GC invocations=10 (full 1):
 PSYoungGen      total 519680K, used 1716K [0x000000076d200000, 0x00000007a0000000, 0x00000007c0000000)
  eden space 515072K, 0% used [0x000000076d200000,0x000000076d200000,0x000000078c900000)
  from space 4608K, 37% used [0x000000078c900000,0x000000078caad1f8,0x000000078cd80000)
  to   space 4608K, 0% used [0x000000079fb80000,0x000000079fb80000,0x00000007a0000000)
 ParOldGen       total 171008K, used 3778K [0x00000006c7600000, 0x00000006d1d00000, 0x000000076d200000)
  object space 171008K, 2% used [0x00000006c7600000,0x00000006c79b0990,0x00000006d1d00000)
 Metaspace       used 20981K, capacity 21486K, committed 21628K, reserved 1069056K
  class space    used 2562K, capacity 2693K, committed 2764K, reserved 1048576K
Event: 33.544 GC heap after
Heap after GC invocations=10 (full 1):
 PSYoungGen      total 519680K, used 0K [0x000000076d200000, 0x00000007a0000000, 0x00000007c0000000)
  eden space 515072K, 0% used [0x000000076d200000,0x000000076d200000,0x000000078c900000)
  from space 4608K, 0% used [0x000000078c900000,0x000000078c900000,0x000000078cd80000)
  to   space 4608K, 0% used [0x000000079fb80000,0x000000079fb80000,0x00000007a0000000)
 ParOldGen       total 75264K, used 5217K [0x00000006c7600000, 0x00000006cbf80000, 0x000000076d200000)
  object space 75264K, 6% used [0x00000006c7600000,0x00000006c7b184e8,0x00000006cbf80000)
 Metaspace       used 20981K, capacity 21486K, committed 21628K, reserved 1069056K
  class space    used 2562K, capacity 2693K, committed 2764K, reserved 1048576K
}
Event: 44.438 GC heap before
{Heap before GC invocations=11 (full 1):
 PSYoungGen      total 519680K, used 515072K [0x000000076d200000, 0x00000007a0000000, 0x00000007c0000000)
  eden space 515072K, 100% used [0x000000076d200000,0x000000078c900000,0x000000078c900000)
  from space 4608K, 0% used [0x000000078c900000,0x000000078c900000,0x000000078cd80000)
  to   space 4608K, 0% used [0x000000079fb80000,0x000000079fb80000,0x00000007a0000000)
 ParOldGen       total 75264K, used 5217K [0x00000006c7600000, 0x00000006cbf80000, 0x000000076d200000)
  object space 75264K, 6% used [0x00000006c7600000,0x00000006c7b184e8,0x00000006cbf80000)
 Metaspace       used 28267K, capacity 29126K, committed 29388K, reserved 1075200K
  class space    used 3470K, capacity 3661K, committed 3788K, reserved 1048576K
Event: 44.881 GC heap after
Heap after GC invocations=11 (full 1):
 PSYoungGen      total 814080K, used 4356K [0x000000076d200000, 0x00000007a0000000, 0x00000007c0000000)
  eden space 809472K, 0% used [0x000000076d200000,0x000000076d200000,0x000000079e880000)
  from space 4608K, 94% used [0x000000079fb80000,0x000000079ffc1060,0x00000007a0000000)
  to   space 5120K, 0% used [0x000000079f600000,0x000000079f600000,0x000000079fb00000)
 ParOldGen       total 75264K, used 5225K [0x00000006c7600000, 0x00000006cbf80000, 0x000000076d200000)
  object space 75264K, 6% used [0x00000006c7600000,0x00000006c7b1a4e8,0x00000006cbf80000)
 Metaspace       used 28267K, capacity 29126K, committed 29388K, reserved 1075200K
  class space    used 3470K, capacity 3661K, committed 3788K, reserved 1048576K
}
Event: 79.827 GC heap before
{Heap before GC invocations=12 (full 1):
 PSYoungGen      total 814080K, used 692814K [0x000000076d200000, 0x00000007a0000000, 0x00000007c0000000)
  eden space 809472K, 85% used [0x000000076d200000,0x0000000797252a28,0x000000079e880000)
  from space 4608K, 94% used [0x000000079fb80000,0x000000079ffc1060,0x00000007a0000000)
  to   space 5120K, 0% used [0x000000079f600000,0x000000079f600000,0x000000079fb00000)
 ParOldGen       total 75264K, used 5225K [0x00000006c7600000, 0x00000006cbf80000, 0x000000076d200000)
  object space 75264K, 6% used [0x00000006c7600000,0x00000006c7b1a4e8,0x00000006cbf80000)
 Metaspace       used 34767K, capacity 35754K, committed 36044K, reserved 1081344K
  class space    used 4322K, capacity 4537K, committed 4556K, reserved 1048576K

